<?xml version="1.0" encoding="UTF-8"?>
<testng-results ignored="0" total="1" passed="1" failed="0" skipped="0">
  <reporter-output>
  </reporter-output>
  <suite started-at="2025-11-20T00:59:43 IST" name="Default suite" finished-at="2025-11-20T00:59:48 IST" duration-ms="5041">
    <groups>
    </groups>
    <test started-at="2025-11-20T00:59:43 IST" name="Default test" finished-at="2025-11-20T00:59:48 IST" duration-ms="5041">
      <class name="loginTest.LoginTest">
        <test-method is-config="true" signature="launchApplication()[pri:0, instance:loginTest.LoginTest@694abbdc]" started-at="2025-11-20T00:59:43 IST" name="launchApplication" finished-at="2025-11-20T00:59:45 IST" duration-ms="1756" status="PASS">
          <reporter-output>
          </reporter-output>
        </test-method> <!-- launchApplication -->
        <test-method signature="validLogin()[pri:0, instance:loginTest.LoginTest@694abbdc]" started-at="2025-11-20T00:59:45 IST" name="validLogin" finished-at="2025-11-20T00:59:48 IST" duration-ms="3255" status="PASS">
          <reporter-output>
          </reporter-output>
        </test-method> <!-- validLogin -->
      </class> <!-- loginTest.LoginTest -->
    </test> <!-- Default test -->
  </suite> <!-- Default suite -->
</testng-results>
