<?xml version="1.0" encoding="UTF-8"?>
<testng-results ignored="0" total="2" passed="2" failed="0" skipped="0">
  <reporter-output>
  </reporter-output>
  <suite started-at="2025-12-08T23:49:49 IST" name="Suite" finished-at="2025-12-08T23:50:19 IST" duration-ms="30126">
    <groups>
    </groups>
    <test started-at="2025-12-08T23:49:49 IST" name="Test" finished-at="2025-12-08T23:50:19 IST" duration-ms="30126">
      <class name="adminTest.AdminUsers">
        <test-method is-config="true" signature="launchApplication()[pri:0, instance:adminTest.AdminUsers@6dab9b6d]" started-at="2025-12-08T23:49:49 IST" name="launchApplication" finished-at="2025-12-08T23:49:51 IST" duration-ms="2321" status="PASS">
          <reporter-output>
          </reporter-output>
        </test-method> <!-- launchApplication -->
        <test-method signature="getAllPurchase()[pri:0, instance:adminTest.AdminUsers@6dab9b6d]" started-at="2025-12-08T23:49:51 IST" name="getAllPurchase" finished-at="2025-12-08T23:49:54 IST" duration-ms="2413" status="PASS">
          <reporter-output>
          </reporter-output>
        </test-method> <!-- getAllPurchase -->
        <test-method is-config="true" signature="tearDown()[pri:0, instance:adminTest.AdminUsers@6dab9b6d]" started-at="2025-12-08T23:49:54 IST" name="tearDown" finished-at="2025-12-08T23:49:54 IST" duration-ms="164" status="PASS">
          <reporter-output>
          </reporter-output>
        </test-method> <!-- tearDown -->
        <test-method is-config="true" signature="launchApplication()[pri:0, instance:adminTest.AdminUsers@6dab9b6d]" started-at="2025-12-08T23:49:54 IST" name="launchApplication" finished-at="2025-12-08T23:49:55 IST" duration-ms="1242" status="PASS">
          <reporter-output>
          </reporter-output>
        </test-method> <!-- launchApplication -->
        <test-method signature="getAllVendors()[pri:0, instance:adminTest.AdminUsers@6dab9b6d]" started-at="2025-12-08T23:49:55 IST" name="getAllVendors" finished-at="2025-12-08T23:50:19 IST" duration-ms="23789" status="PASS">
          <reporter-output>
          </reporter-output>
        </test-method> <!-- getAllVendors -->
        <test-method is-config="true" signature="tearDown()[pri:0, instance:adminTest.AdminUsers@6dab9b6d]" started-at="2025-12-08T23:50:19 IST" name="tearDown" finished-at="2025-12-08T23:50:19 IST" duration-ms="169" status="PASS">
          <reporter-output>
          </reporter-output>
        </test-method> <!-- tearDown -->
      </class> <!-- adminTest.AdminUsers -->
    </test> <!-- Test -->
  </suite> <!-- Suite -->
</testng-results>
