<?xml version="1.0" encoding="UTF-8"?>
<!-- Generated by org.testng.reporters.JUnitReportReporter -->
<testsuite hostname="LAPTOP-NMT7PGGN" failures="0" tests="2" name="adminTest.AdminUsers" time="30.098" errors="0" timestamp="2025-12-08T23:50:19 IST" skipped="0">
  <testcase classname="adminTest.AdminUsers" name="getAllPurchase" time="4.903"/>
  <system-out/>
  <testcase classname="adminTest.AdminUsers" name="getAllVendors" time="25.195"/>
  <system-out/>
</testsuite> <!-- adminTest.AdminUsers -->
