<?xml version="1.0" encoding="UTF-8"?>
<!-- Generated by org.testng.reporters.JUnitReportReporter -->
<testsuite hostname="LAPTOP-NMT7PGGN" failures="0" tests="5" name="utils.ExcelDataProvider" time="0.016" errors="0" timestamp="2025-12-28T20:26:52 IST" skipped="0">
  <testcase classname="utils.ExcelDataProvider" name="getExcelData" time="0.002"/>
  <system-out/>
  <testcase classname="utils.ExcelDataProvider" name="getExcelData" time="0.001"/>
  <system-out/>
  <testcase classname="utils.ExcelDataProvider" name="getExcelData" time="0.001"/>
  <system-out/>
  <testcase classname="utils.ExcelDataProvider" name="getExcelData" time="0.001"/>
  <system-out/>
  <testcase classname="utils.ExcelDataProvider" name="getExcelData" time="0.011"/>
  <system-out/>
</testsuite> <!-- utils.ExcelDataProvider -->
