<?xml version="1.0" encoding="UTF-8"?>
<!-- Generated by org.testng.reporters.JUnitReportReporter -->
<testsuite hostname="LAPTOP-NMT7PGGN" failures="0" tests="2" name="adminTest.AdminUsers" time="39.958" errors="0" timestamp="2026-01-02T22:46:46 IST" skipped="0">
  <testcase classname="adminTest.AdminUsers" name="getAllVendors" time="33.404"/>
  <system-out/>
  <testcase classname="adminTest.AdminUsers" name="getAllPurchase" time="6.554"/>
  <system-out/>
</testsuite> <!-- adminTest.AdminUsers -->
